[debug] [2023-08-19T21:43:13.696Z] ----------------------------------------------------------------------
[debug] [2023-08-19T21:43:13.698Z] Command:       C:\Program Files\nodejs\node.exe C:\Users\Afrosoul4eva\AppData\Roaming\npm\node_modules\firebase-tools\lib\bin\firebase.js init
[debug] [2023-08-19T21:43:13.699Z] CLI Version:   11.23.1
[debug] [2023-08-19T21:43:13.699Z] Platform:      win32
[debug] [2023-08-19T21:43:13.699Z] Node Version:  v16.16.0
[debug] [2023-08-19T21:43:13.700Z] Time:          Sat Aug 19 2023 17:43:13 GMT-0400 (Eastern Daylight Time)
[debug] [2023-08-19T21:43:13.701Z] ----------------------------------------------------------------------
[debug] 
[debug] [2023-08-19T21:43:13.708Z] > command requires scopes: ["email","openid","https://www.googleapis.com/auth/cloudplatformprojects.readonly","https://www.googleapis.com/auth/firebase","https://www.googleapis.com/auth/cloud-platform"]
[debug] [2023-08-19T21:43:13.708Z] > authorizing via signed-in user (jwilliams617bos@gmail.com)
[info] 
     ######## #### ########  ######## ########     ###     ######  ########
     ##        ##  ##     ## ##       ##     ##  ##   ##  ##       ##
     ######    ##  ########  ######   ########  #########  ######  ######
     ##        ##  ##    ##  ##       ##     ## ##     ##       ## ##
     ##       #### ##     ## ######## ########  ##     ##  ######  ########

You're about to initialize a Firebase project in this directory:

  W:\Coding\newnextapp

[info] 
=== Project Setup
[info] 
[info] First, let's associate this project directory with a Firebase project.
[info] You can create multiple project aliases by running firebase use --add, 
[info] but for now we'll just set up a default project.
[info] 
[debug] [2023-08-19T21:43:46.838Z] > refreshing access token with scopes: []
[debug] [2023-08-19T21:43:46.840Z] >>> [apiv2][query] POST https://www.googleapis.com/oauth2/v3/token [none]
[debug] [2023-08-19T21:43:46.840Z] >>> [apiv2][body] POST https://www.googleapis.com/oauth2/v3/token [omitted]
[debug] [2023-08-19T21:43:47.031Z] <<< [apiv2][status] POST https://www.googleapis.com/oauth2/v3/token 200
[debug] [2023-08-19T21:43:47.032Z] <<< [apiv2][body] POST https://www.googleapis.com/oauth2/v3/token [omitted]
[debug] [2023-08-19T21:43:47.042Z] >>> [apiv2][query] GET https://firebase.googleapis.com/v1beta1/projects pageSize=100
[debug] [2023-08-19T21:43:47.482Z] <<< [apiv2][status] GET https://firebase.googleapis.com/v1beta1/projects 200
[debug] [2023-08-19T21:43:47.482Z] <<< [apiv2][body] GET https://firebase.googleapis.com/v1beta1/projects [omitted]
